This file contains any messages produced by compilers while
running configure, to aid debugging if configure makes a mistake.

It was created by grib_api configure  , which was
generated by GNU Autoconf 2.65.  Invocation command line was

  $ ./configure --prefix=/home/edecarlo/Documents/NATS_Standalone_Ubuntu_16.04_beta1.7/dependency_library/../dist/grib_api --disable-fortran --with-jasper=/home/edecarlo/Documents/NATS_Standalone_Ubuntu_16.04_beta1.7/dependency_library/../dist/jasper CFLAGS=-m64 -fPIC LDFLAGS=-m64

## --------- ##
## Platform. ##
## --------- ##

hostname = edecarlolx-1.div18.swri.org
uname -m = x86_64
uname -r = 4.15.0-66-generic
uname -s = Linux
uname -v = #75-Ubuntu SMP Tue Oct 1 05:24:09 UTC 2019

/usr/bin/uname -p = unknown
/bin/uname -X     = unknown

/bin/arch              = unknown
/usr/bin/arch -k       = unknown
/usr/convex/getsysinfo = unknown
/usr/bin/hostinfo      = unknown
/bin/machine           = unknown
/usr/bin/oslevel       = unknown
/bin/universe          = unknown

PATH: /home/edecarlo/anaconda3/bin
PATH: /home/edecarlo/anaconda3/condabin
PATH: /usr/local/sbin
PATH: /usr/local/bin
PATH: /usr/sbin
PATH: /usr/bin
PATH: /sbin
PATH: /bin
PATH: /usr/games
PATH: /usr/local/games
PATH: /snap/bin


## ----------- ##
## Core tests. ##
## ----------- ##

configure:2752: checking build system type
configure:2766: result: x86_64-unknown-linux-gnu
configure:2786: checking host system type
configure:2799: result: x86_64-unknown-linux-gnu
configure:2867: checking for gcc
configure:2883: found /usr/bin/gcc
configure:2894: result: gcc
configure:3123: checking for C compiler version
configure:3132: gcc --version >&5
gcc (Ubuntu 7.4.0-1ubuntu1~18.04.1) 7.4.0
Copyright (C) 2017 Free Software Foundation, Inc.
This is free software; see the source for copying conditions.  There is NO
warranty; not even for MERCHANTABILITY or FITNESS FOR A PARTICULAR PURPOSE.

configure:3143: $? = 0
configure:3132: gcc -v >&5
Using built-in specs.
COLLECT_GCC=gcc
COLLECT_LTO_WRAPPER=/usr/lib/gcc/x86_64-linux-gnu/7/lto-wrapper
OFFLOAD_TARGET_NAMES=nvptx-none
OFFLOAD_TARGET_DEFAULT=1
Target: x86_64-linux-gnu
Configured with: ../src/configure -v --with-pkgversion='Ubuntu 7.4.0-1ubuntu1~18.04.1' --with-bugurl=file:///usr/share/doc/gcc-7/README.Bugs --enable-languages=c,ada,c++,go,brig,d,fortran,objc,obj-c++ --prefix=/usr --with-gcc-major-version-only --program-suffix=-7 --program-prefix=x86_64-linux-gnu- --enable-shared --enable-linker-build-id --libexecdir=/usr/lib --without-included-gettext --enable-threads=posix --libdir=/usr/lib --enable-nls --with-sysroot=/ --enable-clocale=gnu --enable-libstdcxx-debug --enable-libstdcxx-time=yes --with-default-libstdcxx-abi=new --enable-gnu-unique-object --disable-vtable-verify --enable-libmpx --enable-plugin --enable-default-pie --with-system-zlib --with-target-system-zlib --enable-objc-gc=auto --enable-multiarch --disable-werror --with-arch-32=i686 --with-abi=m64 --with-multilib-list=m32,m64,mx32 --enable-multilib --with-tune=generic --enable-offload-targets=nvptx-none --without-cuda-driver --enable-checking=release --build=x86_64-linux-gnu --host=x86_64-linux-gnu --target=x86_64-linux-gnu
Thread model: posix
gcc version 7.4.0 (Ubuntu 7.4.0-1ubuntu1~18.04.1) 
configure:3143: $? = 0
configure:3132: gcc -V >&5
gcc: error: unrecognized command line option '-V'
gcc: fatal error: no input files
compilation terminated.
configure:3143: $? = 1
configure:3132: gcc -qversion >&5
gcc: error: unrecognized command line option '-qversion'; did you mean '--version'?
gcc: fatal error: no input files
compilation terminated.
configure:3143: $? = 1
configure:3163: checking whether the C compiler works
configure:3185: gcc -m64 -fPIC  -m64 conftest.c  >&5
configure:3189: $? = 0
configure:3238: result: yes
configure:3241: checking for C compiler default output file name
configure:3243: result: a.out
configure:3249: checking for suffix of executables
configure:3256: gcc -o conftest -m64 -fPIC  -m64 conftest.c  >&5
configure:3260: $? = 0
configure:3282: result: 
configure:3304: checking whether we are cross compiling
configure:3312: gcc -o conftest -m64 -fPIC  -m64 conftest.c  >&5
configure:3316: $? = 0
configure:3323: ./conftest
configure:3327: $? = 0
configure:3342: result: no
configure:3347: checking for suffix of object files
configure:3369: gcc -c -m64 -fPIC  conftest.c >&5
configure:3373: $? = 0
configure:3394: result: o
configure:3398: checking whether we are using the GNU C compiler
configure:3417: gcc -c -m64 -fPIC  conftest.c >&5
configure:3417: $? = 0
configure:3426: result: yes
configure:3435: checking whether gcc accepts -g
configure:3455: gcc -c -g  conftest.c >&5
configure:3455: $? = 0
configure:3496: result: yes
configure:3513: checking for gcc option to accept ISO C89
configure:3577: gcc  -c -m64 -fPIC  conftest.c >&5
configure:3577: $? = 0
configure:3590: result: none needed
configure:3610: checking for a sed that does not truncate output
configure:3674: result: /bin/sed
configure:3692: checking for grep that handles long lines and -e
configure:3750: result: /bin/grep
configure:3755: checking for egrep
configure:3817: result: /bin/grep -E
configure:3822: checking for fgrep
configure:3884: result: /bin/grep -F
configure:3919: checking for ld used by gcc
configure:3986: result: /usr/bin/ld
configure:3993: checking if the linker (/usr/bin/ld) is GNU ld
configure:4008: result: yes
configure:4020: checking for BSD- or MS-compatible name lister (nm)
configure:4069: result: /usr/bin/nm -B
configure:4187: checking the name lister (/usr/bin/nm -B) interface
configure:4194: gcc -c -m64 -fPIC  conftest.c >&5
configure:4197: /usr/bin/nm -B "conftest.o"
configure:4200: output
0000000000000000 B some_variable
configure:4207: result: BSD nm
configure:4210: checking whether ln -s works
configure:4214: result: yes
configure:4222: checking the maximum length of command line arguments
configure:4342: result: 1572864
configure:4359: checking whether the shell understands some XSI constructs
configure:4369: result: yes
configure:4373: checking whether the shell understands "+="
configure:4379: result: yes
configure:4414: checking for /usr/bin/ld option to reload object files
configure:4421: result: -r
configure:4490: checking for objdump
configure:4506: found /usr/bin/objdump
configure:4517: result: objdump
configure:4549: checking how to recognize dependent libraries
configure:4745: result: pass_all
configure:4805: checking for ar
configure:4821: found /usr/bin/ar
configure:4832: result: ar
configure:4910: checking for strip
configure:4926: found /usr/bin/strip
configure:4937: result: strip
configure:5009: checking for ranlib
configure:5025: found /usr/bin/ranlib
configure:5036: result: ranlib
configure:5126: checking command to parse /usr/bin/nm -B output from gcc object
configure:5244: gcc -c -m64 -fPIC  conftest.c >&5
configure:5247: $? = 0
configure:5251: /usr/bin/nm -B conftest.o \| sed -n -e 's/^.*[	 ]\([ABCDGIRSTW][ABCDGIRSTW]*\)[	 ][	 ]*\([_A-Za-z][_A-Za-z0-9]*\)$/\1 \2 \2/p' \> conftest.nm
configure:5254: $? = 0
configure:5308: gcc -o conftest -m64 -fPIC  -m64 conftest.c conftstm.o >&5
configure:5311: $? = 0
configure:5349: result: ok
configure:5445: gcc -c -m64 -fPIC  conftest.c >&5
configure:5448: $? = 0
configure:6158: checking how to run the C preprocessor
configure:6189: gcc -E  conftest.c
configure:6189: $? = 0
configure:6203: gcc -E  conftest.c
conftest.c:9:10: fatal error: ac_nonexistent.h: No such file or directory
 #include <ac_nonexistent.h>
          ^~~~~~~~~~~~~~~~~~
compilation terminated.
configure:6203: $? = 1
configure: failed program was:
| /* confdefs.h */
| #define PACKAGE_NAME "grib_api"
| #define PACKAGE_TARNAME "grib_api"
| #define PACKAGE_VERSION " "
| #define PACKAGE_STRING "grib_api  "
| #define PACKAGE_BUGREPORT "Software.Support@ecmwf.int"
| #define PACKAGE_URL ""
| /* end confdefs.h.  */
| #include <ac_nonexistent.h>
configure:6228: result: gcc -E
configure:6248: gcc -E  conftest.c
configure:6248: $? = 0
configure:6262: gcc -E  conftest.c
conftest.c:9:10: fatal error: ac_nonexistent.h: No such file or directory
 #include <ac_nonexistent.h>
          ^~~~~~~~~~~~~~~~~~
compilation terminated.
configure:6262: $? = 1
configure: failed program was:
| /* confdefs.h */
| #define PACKAGE_NAME "grib_api"
| #define PACKAGE_TARNAME "grib_api"
| #define PACKAGE_VERSION " "
| #define PACKAGE_STRING "grib_api  "
| #define PACKAGE_BUGREPORT "Software.Support@ecmwf.int"
| #define PACKAGE_URL ""
| /* end confdefs.h.  */
| #include <ac_nonexistent.h>
configure:6291: checking for ANSI C header files
configure:6311: gcc -c -m64 -fPIC  conftest.c >&5
configure:6311: $? = 0
configure:6384: gcc -o conftest -m64 -fPIC  -m64 conftest.c  >&5
configure:6384: $? = 0
configure:6384: ./conftest
configure:6384: $? = 0
configure:6395: result: yes
configure:6408: checking for sys/types.h
configure:6408: gcc -c -m64 -fPIC  conftest.c >&5
configure:6408: $? = 0
configure:6408: result: yes
configure:6408: checking for sys/stat.h
configure:6408: gcc -c -m64 -fPIC  conftest.c >&5
configure:6408: $? = 0
configure:6408: result: yes
configure:6408: checking for stdlib.h
configure:6408: gcc -c -m64 -fPIC  conftest.c >&5
configure:6408: $? = 0
configure:6408: result: yes
configure:6408: checking for string.h
configure:6408: gcc -c -m64 -fPIC  conftest.c >&5
configure:6408: $? = 0
configure:6408: result: yes
configure:6408: checking for memory.h
configure:6408: gcc -c -m64 -fPIC  conftest.c >&5
configure:6408: $? = 0
configure:6408: result: yes
configure:6408: checking for strings.h
configure:6408: gcc -c -m64 -fPIC  conftest.c >&5
configure:6408: $? = 0
configure:6408: result: yes
configure:6408: checking for inttypes.h
configure:6408: gcc -c -m64 -fPIC  conftest.c >&5
configure:6408: $? = 0
configure:6408: result: yes
configure:6408: checking for stdint.h
configure:6408: gcc -c -m64 -fPIC  conftest.c >&5
configure:6408: $? = 0
configure:6408: result: yes
configure:6408: checking for unistd.h
configure:6408: gcc -c -m64 -fPIC  conftest.c >&5
configure:6408: $? = 0
configure:6408: result: yes
configure:6423: checking for dlfcn.h
configure:6423: gcc -c -m64 -fPIC  conftest.c >&5
configure:6423: $? = 0
configure:6423: result: yes
configure:6606: checking for objdir
configure:6621: result: .libs
configure:6917: checking if gcc supports -fno-rtti -fno-exceptions
configure:6935: gcc -c -m64 -fPIC  -fno-rtti -fno-exceptions conftest.c >&5
cc1: warning: command line option '-fno-rtti' is valid for C++/ObjC++ but not for C
configure:6939: $? = 0
configure:6952: result: no
configure:6972: checking for gcc option to produce PIC
configure:7244: result: -fPIC -DPIC
configure:7256: checking if gcc PIC flag -fPIC -DPIC works
configure:7274: gcc -c -m64 -fPIC  -fPIC -DPIC -DPIC conftest.c >&5
configure:7278: $? = 0
configure:7291: result: yes
configure:7315: checking if gcc static flag -static works
configure:7343: result: yes
configure:7358: checking if gcc supports -c -o file.o
configure:7379: gcc -c -m64 -fPIC  -o out/conftest2.o conftest.c >&5
configure:7383: $? = 0
configure:7405: result: yes
configure:7413: checking if gcc supports -c -o file.o
configure:7460: result: yes
configure:7493: checking whether the gcc linker (/usr/bin/ld -m elf_x86_64) supports shared libraries
configure:8479: result: yes
configure:8516: checking whether -lc should be explicitly linked in
configure:8521: gcc -c -m64 -fPIC  conftest.c >&5
configure:8524: $? = 0
configure:8539: gcc -shared conftest.o  -v -Wl,-soname -Wl,conftest -o conftest 2\>\&1 \| /bin/grep  -lc  \>/dev/null 2\>\&1
configure:8542: $? = 0
configure:8554: result: no
configure:8718: checking dynamic linker characteristics
configure:9151: gcc -o conftest -m64 -fPIC  -m64 -Wl,-rpath -Wl,/foo conftest.c  >&5
configure:9151: $? = 0
configure:9369: result: GNU/Linux ld.so
configure:9471: checking how to hardcode library paths into programs
configure:9496: result: immediate
configure:10016: checking whether stripping libraries is possible
configure:10021: result: yes
configure:10056: checking if libtool supports shared libraries
configure:10058: result: yes
configure:10061: checking whether to build shared libraries
configure:10082: result: yes
configure:10085: checking whether to build static libraries
configure:10089: result: yes
configure:10143: checking whether build environment is sane
configure:10193: result: yes
configure:10217: checking for a BSD-compatible install
configure:10285: result: /usr/bin/install -c
configure:10435: checking for a thread-safe mkdir -p
configure:10474: result: /bin/mkdir -p
configure:10487: checking for gawk
configure:10517: result: no
configure:10487: checking for mawk
configure:10503: found /usr/bin/mawk
configure:10514: result: mawk
configure:10525: checking whether make sets $(MAKE)
configure:10547: result: yes
configure:10577: checking for style of include used by make
configure:10605: result: GNU
configure:10681: checking dependency style of gcc
configure:10791: result: gcc3
configure:10969: checking for C compiler version
configure:10978: gcc --version >&5
gcc (Ubuntu 7.4.0-1ubuntu1~18.04.1) 7.4.0
Copyright (C) 2017 Free Software Foundation, Inc.
This is free software; see the source for copying conditions.  There is NO
warranty; not even for MERCHANTABILITY or FITNESS FOR A PARTICULAR PURPOSE.

configure:10989: $? = 0
configure:10978: gcc -v >&5
Using built-in specs.
COLLECT_GCC=gcc
COLLECT_LTO_WRAPPER=/usr/lib/gcc/x86_64-linux-gnu/7/lto-wrapper
OFFLOAD_TARGET_NAMES=nvptx-none
OFFLOAD_TARGET_DEFAULT=1
Target: x86_64-linux-gnu
Configured with: ../src/configure -v --with-pkgversion='Ubuntu 7.4.0-1ubuntu1~18.04.1' --with-bugurl=file:///usr/share/doc/gcc-7/README.Bugs --enable-languages=c,ada,c++,go,brig,d,fortran,objc,obj-c++ --prefix=/usr --with-gcc-major-version-only --program-suffix=-7 --program-prefix=x86_64-linux-gnu- --enable-shared --enable-linker-build-id --libexecdir=/usr/lib --without-included-gettext --enable-threads=posix --libdir=/usr/lib --enable-nls --with-sysroot=/ --enable-clocale=gnu --enable-libstdcxx-debug --enable-libstdcxx-time=yes --with-default-libstdcxx-abi=new --enable-gnu-unique-object --disable-vtable-verify --enable-libmpx --enable-plugin --enable-default-pie --with-system-zlib --with-target-system-zlib --enable-objc-gc=auto --enable-multiarch --disable-werror --with-arch-32=i686 --with-abi=m64 --with-multilib-list=m32,m64,mx32 --enable-multilib --with-tune=generic --enable-offload-targets=nvptx-none --without-cuda-driver --enable-checking=release --build=x86_64-linux-gnu --host=x86_64-linux-gnu --target=x86_64-linux-gnu
Thread model: posix
gcc version 7.4.0 (Ubuntu 7.4.0-1ubuntu1~18.04.1) 
configure:10989: $? = 0
configure:10978: gcc -V >&5
gcc: error: unrecognized command line option '-V'
gcc: fatal error: no input files
compilation terminated.
configure:10989: $? = 1
configure:10978: gcc -qversion >&5
gcc: error: unrecognized command line option '-qversion'; did you mean '--version'?
gcc: fatal error: no input files
compilation terminated.
configure:10989: $? = 1
configure:10993: checking whether we are using the GNU C compiler
configure:11021: result: yes
configure:11030: checking whether gcc accepts -g
configure:11091: result: yes
configure:11108: checking for gcc option to accept ISO C89
configure:11185: result: none needed
configure:11210: checking how to run the C preprocessor
configure:11280: result: gcc -E
configure:11300: gcc -E  conftest.c
configure:11300: $? = 0
configure:11314: gcc -E  conftest.c
conftest.c:28:10: fatal error: ac_nonexistent.h: No such file or directory
 #include <ac_nonexistent.h>
          ^~~~~~~~~~~~~~~~~~
compilation terminated.
configure:11314: $? = 1
configure: failed program was:
| /* confdefs.h */
| #define PACKAGE_NAME "grib_api"
| #define PACKAGE_TARNAME "grib_api"
| #define PACKAGE_VERSION " "
| #define PACKAGE_STRING "grib_api  "
| #define PACKAGE_BUGREPORT "Software.Support@ecmwf.int"
| #define PACKAGE_URL ""
| #define STDC_HEADERS 1
| #define HAVE_SYS_TYPES_H 1
| #define HAVE_SYS_STAT_H 1
| #define HAVE_STDLIB_H 1
| #define HAVE_STRING_H 1
| #define HAVE_MEMORY_H 1
| #define HAVE_STRINGS_H 1
| #define HAVE_INTTYPES_H 1
| #define HAVE_STDINT_H 1
| #define HAVE_UNISTD_H 1
| #define HAVE_DLFCN_H 1
| #define LT_OBJDIR ".libs/"
| #define GRIB_API_MAIN_VERSION 1.11.0
| #define GRIB_API_MAJOR_VERSION 1
| #define GRIB_API_MINOR_VERSION 11
| #define GRIB_API_REVISION_VERSION 0
| #define GRIB_ABI_CURRENT 0
| #define GRIB_ABI_REVISION 0
| #define GRIB_ABI_AGE 0
| /* end confdefs.h.  */
| #include <ac_nonexistent.h>
configure:11343: checking whether ln -s works
configure:11347: result: yes
configure:11354: checking whether make sets $(MAKE)
configure:11376: result: yes
configure:11389: checking for bison
configure:11419: result: no
configure:11389: checking for byacc
configure:11419: result: no
configure:11432: checking for flex
configure:11462: result: no
configure:11432: checking for lex
configure:11462: result: no
configure:11638: checking for pgf90
configure:11668: result: no
configure:11638: checking for pgf77
configure:11668: result: no
configure:11638: checking for xlf
configure:11668: result: no
configure:11638: checking for gfortran
configure:11668: result: no
configure:11638: checking for f77
configure:11668: result: no
configure:11638: checking for g77
configure:11668: result: no
configure:11638: checking for f90
configure:11668: result: no
configure:11638: checking for ifort
configure:11668: result: no
configure:11691: checking for Fortran 77 compiler version
configure:11700:  --version >&5
./configure: line 11702: --version: command not found
configure:11711: $? = 127
configure:11700:  -v >&5
./configure: line 11702: -v: command not found
configure:11711: $? = 127
configure:11700:  -V >&5
./configure: line 11702: -V: command not found
configure:11711: $? = 127
configure:11700:  -qversion >&5
./configure: line 11702: -qversion: command not found
configure:11711: $? = 127
configure:11720: checking whether we are using the GNU Fortran 77 compiler
configure:11733:  -c  conftest.F >&5
./configure: line 2047: -c: command not found
configure:11733: $? = 127
configure: failed program was:
|       program main
| #ifndef __GNUC__
|        choke me
| #endif
| 
|       end
configure:11742: result: no
configure:11748: checking whether  accepts -g
configure:11759:  -c -g conftest.f >&5
./configure: line 2047: -c: command not found
configure:11759: $? = 127
configure: failed program was:
|       program main
| 
|       end
configure:11767: result: no
configure:11850: checking for g77
configure:11880: result: no
configure:11850: checking for xlf
configure:11880: result: no
configure:11850: checking for f77
configure:11880: result: no
configure:11850: checking for frt
configure:11880: result: no
configure:11850: checking for pgf77
configure:11880: result: no
configure:11850: checking for cf77
configure:11880: result: no
configure:11850: checking for fort77
configure:11880: result: no
configure:11850: checking for fl32
configure:11880: result: no
configure:11850: checking for af77
configure:11880: result: no
configure:11850: checking for xlf90
configure:11880: result: no
configure:11850: checking for f90
configure:11880: result: no
configure:11850: checking for pgf90
configure:11880: result: no
configure:11850: checking for pghpf
configure:11880: result: no
configure:11850: checking for epcf90
configure:11880: result: no
configure:11850: checking for gfortran
configure:11880: result: no
configure:11850: checking for g95
configure:11880: result: no
configure:11850: checking for xlf95
configure:11880: result: no
configure:11850: checking for f95
configure:11880: result: no
configure:11850: checking for fort
configure:11880: result: no
configure:11850: checking for ifort
configure:11880: result: no
configure:11850: checking for ifc
configure:11880: result: no
configure:11850: checking for efc
configure:11880: result: no
configure:11850: checking for pgf95
configure:11880: result: no
configure:11850: checking for lf95
configure:11880: result: no
configure:11850: checking for ftn
configure:11880: result: no
configure:11903: checking for Fortran 77 compiler version
configure:11912:  --version >&5
./configure: line 11914: --version: command not found
configure:11923: $? = 127
configure:11912:  -v >&5
./configure: line 11914: -v: command not found
configure:11923: $? = 127
configure:11912:  -V >&5
./configure: line 11914: -V: command not found
configure:11923: $? = 127
configure:11912:  -qversion >&5
./configure: line 11914: -qversion: command not found
configure:11923: $? = 127
configure:11932: checking whether we are using the GNU Fortran 77 compiler
configure:11954: result: no
configure:11960: checking whether  accepts -g
configure:11979: result: no
configure:14531: checking for pgf90
configure:14561: result: no
configure:14531: checking for xlf90
configure:14561: result: no
configure:14531: checking for gfortran
configure:14561: result: no
configure:14531: checking for f90
configure:14561: result: no
configure:14531: checking for ifort
configure:14561: result: no
configure:14584: checking for Fortran compiler version
configure:14593:  --version >&5
./configure: line 14595: --version: command not found
configure:14604: $? = 127
configure:14593:  -v >&5
./configure: line 14595: -v: command not found
configure:14604: $? = 127
configure:14593:  -V >&5
./configure: line 14595: -V: command not found
configure:14604: $? = 127
configure:14593:  -qversion >&5
./configure: line 14595: -qversion: command not found
configure:14604: $? = 127
configure:14613: checking whether we are using the GNU Fortran compiler
configure:14626:  -c   conftest.F >&5
./configure: line 2131: -c: command not found
configure:14626: $? = 127
configure: failed program was:
|       program main
| #ifndef __GNUC__
|        choke me
| #endif
| 
|       end
configure:14635: result: no
configure:14641: checking whether  accepts -g
configure:14652:  -c -g  conftest.f >&5
./configure: line 2131: -c: command not found
configure:14652: $? = 127
configure: failed program was:
|       program main
| 
|       end
configure:14660: result: no
configure:14738: checking for gfortran
configure:14768: result: no
configure:14738: checking for g95
configure:14768: result: no
configure:14738: checking for xlf95
configure:14768: result: no
configure:14738: checking for f95
configure:14768: result: no
configure:14738: checking for fort
configure:14768: result: no
configure:14738: checking for ifort
configure:14768: result: no
configure:14738: checking for ifc
configure:14768: result: no
configure:14738: checking for efc
configure:14768: result: no
configure:14738: checking for pgf95
configure:14768: result: no
configure:14738: checking for lf95
configure:14768: result: no
configure:14738: checking for ftn
configure:14768: result: no
configure:14738: checking for xlf90
configure:14768: result: no
configure:14738: checking for f90
configure:14768: result: no
configure:14738: checking for pgf90
configure:14768: result: no
configure:14738: checking for pghpf
configure:14768: result: no
configure:14738: checking for epcf90
configure:14768: result: no
configure:14738: checking for g77
configure:14768: result: no
configure:14738: checking for xlf
configure:14768: result: no
configure:14738: checking for f77
configure:14768: result: no
configure:14738: checking for frt
configure:14768: result: no
configure:14738: checking for pgf77
configure:14768: result: no
configure:14738: checking for cf77
configure:14768: result: no
configure:14738: checking for fort77
configure:14768: result: no
configure:14738: checking for fl32
configure:14768: result: no
configure:14738: checking for af77
configure:14768: result: no
configure:14791: checking for Fortran compiler version
configure:14800:  --version >&5
./configure: line 14802: --version: command not found
configure:14811: $? = 127
configure:14800:  -v >&5
./configure: line 14802: -v: command not found
configure:14811: $? = 127
configure:14800:  -V >&5
./configure: line 14802: -V: command not found
configure:14811: $? = 127
configure:14800:  -qversion >&5
./configure: line 14802: -qversion: command not found
configure:14811: $? = 127
configure:14820: checking whether we are using the GNU Fortran compiler
configure:14842: result: no
configure:14848: checking whether  accepts -g
configure:14867: result: no
configure:17725: checking if Fortran 90 compiler capitalizes .mod filenames
configure:17733:   -c conftest.f90 >&5
./configure: line 17734: -c: command not found
configure:17736: $? = 127
configure:17743: result: no
configure:17763: checking if double and float are ieee big endian
configure:17808: gcc -o conftest -m64 -fPIC  -m64 conftest.c  >&5
configure:17808: $? = 0
configure:17808: ./conftest
configure:17808: $? = 1
configure: program exited with status 1
configure: failed program was:
| /* confdefs.h */
| #define PACKAGE_NAME "grib_api"
| #define PACKAGE_TARNAME "grib_api"
| #define PACKAGE_VERSION " "
| #define PACKAGE_STRING "grib_api  "
| #define PACKAGE_BUGREPORT "Software.Support@ecmwf.int"
| #define PACKAGE_URL ""
| #define STDC_HEADERS 1
| #define HAVE_SYS_TYPES_H 1
| #define HAVE_SYS_STAT_H 1
| #define HAVE_STDLIB_H 1
| #define HAVE_STRING_H 1
| #define HAVE_MEMORY_H 1
| #define HAVE_STRINGS_H 1
| #define HAVE_INTTYPES_H 1
| #define HAVE_STDINT_H 1
| #define HAVE_UNISTD_H 1
| #define HAVE_DLFCN_H 1
| #define LT_OBJDIR ".libs/"
| #define GRIB_API_MAIN_VERSION 1.11.0
| #define GRIB_API_MAJOR_VERSION 1
| #define GRIB_API_MINOR_VERSION 11
| #define GRIB_API_REVISION_VERSION 0
| #define GRIB_ABI_CURRENT 0
| #define GRIB_ABI_REVISION 0
| #define GRIB_ABI_AGE 0
| #define GRIB_PTHREADS 0
| #define GRIB_LINUX_PTHREADS 0
| /* end confdefs.h.  */
| 
| 
|      int compare(unsigned char* a,unsigned char* b) {
|        while(*a != 0) if (*(b++)!=*(a++)) return 1;
|        return 0;
|      }
|      int main(int argc,char** argv) {
|        unsigned char dc[]={0x30,0x61,0xDE,0x80,0x93,0x67,0xCC,0xD9,0};
|        double da=1.23456789e-75;
|        unsigned char* ca;
| 
|        unsigned char fc[]={0x05,0x83,0x48,0x22,0};
|        float fa=1.23456789e-35;
| 
|        if (sizeof(double)!=8) return 1;
| 
|        ca=(unsigned char*)&da;
|        if (compare(dc,ca)) return 1;
| 
|        if (sizeof(float)!=4) return 1;
| 
|        ca=(unsigned char*)&fa;
|        if (compare(fc,ca)) return 1;
| 
|        return 0;
|      }
| 
| 
configure:17819: result: no
configure:17834: checking if double and float are ieee little endian
configure:17879: gcc -o conftest -m64 -fPIC  -m64 conftest.c  >&5
configure:17879: $? = 0
configure:17879: ./conftest
configure:17879: $? = 0
configure:17893: result: yes
configure:17927: checking if Big Endian
configure:17952: gcc -o conftest -m64 -fPIC  -m64 conftest.c  >&5
configure:17952: $? = 0
configure:17952: ./conftest
configure:17952: $? = 0
configure:17963: result: no
configure:17978: checking if inline in C
configure:17998: gcc -c -m64 -fPIC  conftest.c >&5
configure:17998: $? = 0
configure:18009: result: yes
configure:18021: checking if bus error on unaligned pointers
configure:18044: gcc -o conftest -m64 -fPIC  -m64 conftest.c  >&5
configure:18044: $? = 0
configure:18044: ./conftest
configure:18044: $? = 0
configure:18055: result: no
configure:18069: checking for posix_memalign
configure:18069: gcc -o conftest -m64 -fPIC  -m64 conftest.c  >&5
conftest.c:58:6: warning: conflicting types for built-in function 'posix_memalign' [-Wbuiltin-declaration-mismatch]
 char posix_memalign ();
      ^~~~~~~~~~~~~~
configure:18069: $? = 0
configure:18069: result: yes
configure:18146: checking for _LARGEFILE_SOURCE value needed for large files
configure:18165: gcc -o conftest -m64 -fPIC  -m64 conftest.c  >&5
configure:18165: $? = 0
configure:18193: result: no
configure:18228: checking for special C compiler options needed for large files
configure:18273: result: no
configure:18279: checking for _FILE_OFFSET_BITS value needed for large files
configure:18304: gcc -c -m64 -fPIC  conftest.c >&5
configure:18304: $? = 0
configure:18336: result: no
configure:18475: checking if Fortran 90 compiler capitalizes .mod filenames
configure:18483:   -c conftest.f90 >&5
./configure: line 18484: -c: command not found
configure:18486: $? = 127
configure:18493: result: no
configure:18518: checking if Fortran 90 can resolve debug symbols in modules
configure:18533:  -g -c conftest-module.f90 >&5
./configure: line 18534: -g: command not found
configure:18536: $? = 127
configure:18547: result: no
configure:18907: checking for jas_stream_memopen in -ljasper
configure:18932: gcc -o conftest -m64 -fPIC -I/home/edecarlo/Documents/NATS_Standalone_Ubuntu_16.04_beta1.7/dependency_library/../dist/jasper/include  -m64 -L/home/edecarlo/Documents/NATS_Standalone_Ubuntu_16.04_beta1.7/dependency_library/../dist/jasper/lib conftest.c -ljasper   >&5
/usr/bin/ld: cannot find -ljasper
collect2: error: ld returned 1 exit status
configure:18932: $? = 1
configure: failed program was:
| /* confdefs.h */
| #define PACKAGE_NAME "grib_api"
| #define PACKAGE_TARNAME "grib_api"
| #define PACKAGE_VERSION " "
| #define PACKAGE_STRING "grib_api  "
| #define PACKAGE_BUGREPORT "Software.Support@ecmwf.int"
| #define PACKAGE_URL ""
| #define STDC_HEADERS 1
| #define HAVE_SYS_TYPES_H 1
| #define HAVE_SYS_STAT_H 1
| #define HAVE_STDLIB_H 1
| #define HAVE_STRING_H 1
| #define HAVE_MEMORY_H 1
| #define HAVE_STRINGS_H 1
| #define HAVE_INTTYPES_H 1
| #define HAVE_STDINT_H 1
| #define HAVE_UNISTD_H 1
| #define HAVE_DLFCN_H 1
| #define LT_OBJDIR ".libs/"
| #define GRIB_API_MAIN_VERSION 1.11.0
| #define GRIB_API_MAJOR_VERSION 1
| #define GRIB_API_MINOR_VERSION 11
| #define GRIB_API_REVISION_VERSION 0
| #define GRIB_ABI_CURRENT 0
| #define GRIB_ABI_REVISION 0
| #define GRIB_ABI_AGE 0
| #define GRIB_PTHREADS 0
| #define GRIB_LINUX_PTHREADS 0
| #define IEEE_BE 0
| #define IEEE_LE 1
| #define IS_BIG_ENDIAN 0
| #define GRIB_INLINE inline
| #define GRIB_MEM_ALIGN 0
| #define POSIX_MEMALIGN 1
| #define VECTOR 0
| #define MANAGE_MEM 0
| #define HAVE_FSEEKO 1
| #define GRIB_TIMER 0
| #define OMP_PACKING 0
| #define HAVE_JPEG 1
| /* end confdefs.h.  */
| 
| /* Override any GCC internal prototype to avoid an error.
|    Use char because int might match the return type of a GCC
|    builtin and then its argument prototype would still apply.  */
| #ifdef __cplusplus
| extern "C"
| #endif
| char jas_stream_memopen ();
| int
| main ()
| {
| return jas_stream_memopen ();
|   ;
|   return 0;
| }
configure:18941: result: no
configure:18949: checking for opj_image_create in -lopenjpeg
configure:18974: gcc -o conftest -m64 -fPIC -I/home/edecarlo/Documents/NATS_Standalone_Ubuntu_16.04_beta1.7/dependency_library/../dist/jasper/include  -m64 -L/home/edecarlo/Documents/NATS_Standalone_Ubuntu_16.04_beta1.7/dependency_library/../dist/jasper/lib conftest.c -lopenjpeg   >&5
/usr/bin/ld: cannot find -lopenjpeg
collect2: error: ld returned 1 exit status
configure:18974: $? = 1
configure: failed program was:
| /* confdefs.h */
| #define PACKAGE_NAME "grib_api"
| #define PACKAGE_TARNAME "grib_api"
| #define PACKAGE_VERSION " "
| #define PACKAGE_STRING "grib_api  "
| #define PACKAGE_BUGREPORT "Software.Support@ecmwf.int"
| #define PACKAGE_URL ""
| #define STDC_HEADERS 1
| #define HAVE_SYS_TYPES_H 1
| #define HAVE_SYS_STAT_H 1
| #define HAVE_STDLIB_H 1
| #define HAVE_STRING_H 1
| #define HAVE_MEMORY_H 1
| #define HAVE_STRINGS_H 1
| #define HAVE_INTTYPES_H 1
| #define HAVE_STDINT_H 1
| #define HAVE_UNISTD_H 1
| #define HAVE_DLFCN_H 1
| #define LT_OBJDIR ".libs/"
| #define GRIB_API_MAIN_VERSION 1.11.0
| #define GRIB_API_MAJOR_VERSION 1
| #define GRIB_API_MINOR_VERSION 11
| #define GRIB_API_REVISION_VERSION 0
| #define GRIB_ABI_CURRENT 0
| #define GRIB_ABI_REVISION 0
| #define GRIB_ABI_AGE 0
| #define GRIB_PTHREADS 0
| #define GRIB_LINUX_PTHREADS 0
| #define IEEE_BE 0
| #define IEEE_LE 1
| #define IS_BIG_ENDIAN 0
| #define GRIB_INLINE inline
| #define GRIB_MEM_ALIGN 0
| #define POSIX_MEMALIGN 1
| #define VECTOR 0
| #define MANAGE_MEM 0
| #define HAVE_FSEEKO 1
| #define GRIB_TIMER 0
| #define OMP_PACKING 0
| #define HAVE_JPEG 1
| /* end confdefs.h.  */
| 
| /* Override any GCC internal prototype to avoid an error.
|    Use char because int might match the return type of a GCC
|    builtin and then its argument prototype would still apply.  */
| #ifdef __cplusplus
| extern "C"
| #endif
| char opj_image_create ();
| int
| main ()
| {
| return opj_image_create ();
|   ;
|   return 0;
| }
configure:18983: result: no
configure:19034:
!!!!!!!!!!!!!!!!!!!!!!!!!!!!!!!!!!!!!!!!!!!!!!!!!!!!!!!!!!!!!!!!!!!!!!!!!!!!!!!!!!!!!!!!!!!
!!!!!!!!!!!!!!!!!!!!!!!!!!!!!!!!!!!!!!!!!!!!!!!!!!!!!!!!!!!!!!!!!!!!!!!!!!!!!!!!!!!!!!!!!!!
  CONFIGURATION ERROR: jpeg library (jasper or openjpeg) required.
  jpeg library installation is not working or missing.

  To fix this problem you have the following options.
  1) Install without jpeg support enabled (--disable-jpeg), but you won't be able to
     decode grib 2 data encoded in jpeg.
  2) Check if you have a jpeg library installed in a path different from your system path.
     In this case you can provide your jpeg library installation path to the configure
     through the options:
        --with-jasper="jasper_lib_path"
        --with-openjpeg="openjpeg_lib_path"
  3) Download and install one of the supported jpeg libraries.
!!!!!!!!!!!!!!!!!!!!!!!!!!!!!!!!!!!!!!!!!!!!!!!!!!!!!!!!!!!!!!!!!!!!!!!!!!!!!!!!!!!!!!!!!!!
!!!!!!!!!!!!!!!!!!!!!!!!!!!!!!!!!!!!!!!!!!!!!!!!!!!!!!!!!!!!!!!!!!!!!!!!!!!!!!!!!!!!!!!!!!!
	  

## ---------------- ##
## Cache variables. ##
## ---------------- ##

ac_cv_build=x86_64-unknown-linux-gnu
ac_cv_c_compiler_gnu=yes
ac_cv_env_CC_set=
ac_cv_env_CC_value=
ac_cv_env_CFLAGS_set=set
ac_cv_env_CFLAGS_value='-m64 -fPIC'
ac_cv_env_CPPFLAGS_set=
ac_cv_env_CPPFLAGS_value=
ac_cv_env_CPP_set=
ac_cv_env_CPP_value=
ac_cv_env_F77_set=
ac_cv_env_F77_value=
ac_cv_env_FCFLAGS_set=
ac_cv_env_FCFLAGS_value=
ac_cv_env_FC_set=
ac_cv_env_FC_value=
ac_cv_env_FFLAGS_set=
ac_cv_env_FFLAGS_value=
ac_cv_env_LDFLAGS_set=set
ac_cv_env_LDFLAGS_value=-m64
ac_cv_env_LIBS_set=
ac_cv_env_LIBS_value=
ac_cv_env_PYTHON_CFLAGS_set=
ac_cv_env_PYTHON_CFLAGS_value=
ac_cv_env_PYTHON_CONFIG_set=
ac_cv_env_PYTHON_CONFIG_value=
ac_cv_env_PYTHON_INCLUDES_set=
ac_cv_env_PYTHON_INCLUDES_value=
ac_cv_env_PYTHON_LDFLAGS_set=
ac_cv_env_PYTHON_LDFLAGS_value=
ac_cv_env_PYTHON_LIBS_set=
ac_cv_env_PYTHON_LIBS_value=
ac_cv_env_YACC_set=
ac_cv_env_YACC_value=
ac_cv_env_YFLAGS_set=
ac_cv_env_YFLAGS_value=
ac_cv_env_build_alias_set=
ac_cv_env_build_alias_value=
ac_cv_env_host_alias_set=
ac_cv_env_host_alias_value=
ac_cv_env_target_alias_set=
ac_cv_env_target_alias_value=
ac_cv_f77_compiler_gnu=no
ac_cv_fc_compiler_gnu=no
ac_cv_func_posix_memalign=yes
ac_cv_header_dlfcn_h=yes
ac_cv_header_inttypes_h=yes
ac_cv_header_memory_h=yes
ac_cv_header_stdc=yes
ac_cv_header_stdint_h=yes
ac_cv_header_stdlib_h=yes
ac_cv_header_string_h=yes
ac_cv_header_strings_h=yes
ac_cv_header_sys_stat_h=yes
ac_cv_header_sys_types_h=yes
ac_cv_header_unistd_h=yes
ac_cv_host=x86_64-unknown-linux-gnu
ac_cv_lib_jasper_jas_stream_memopen=no
ac_cv_lib_openjpeg_opj_image_create=no
ac_cv_objext=o
ac_cv_path_EGREP='/bin/grep -E'
ac_cv_path_FGREP='/bin/grep -F'
ac_cv_path_GREP=/bin/grep
ac_cv_path_SED=/bin/sed
ac_cv_path_install='/usr/bin/install -c'
ac_cv_path_mkdir=/bin/mkdir
ac_cv_prog_AWK=mawk
ac_cv_prog_CPP='gcc -E'
ac_cv_prog_ac_ct_AR=ar
ac_cv_prog_ac_ct_CC=gcc
ac_cv_prog_ac_ct_OBJDUMP=objdump
ac_cv_prog_ac_ct_RANLIB=ranlib
ac_cv_prog_ac_ct_STRIP=strip
ac_cv_prog_cc_c89=
ac_cv_prog_cc_g=yes
ac_cv_prog_f77_g=no
ac_cv_prog_f90_debug_in_module=no
ac_cv_prog_f90_uppercase_mod=no
ac_cv_prog_fc_g=no
ac_cv_prog_make_make_set=yes
ac_cv_sys_file_offset_bits=no
ac_cv_sys_largefile_CC=no
ac_cv_sys_largefile_source=no
am_cv_CC_dependencies_compiler_type=gcc3
lt_cv_deplibs_check_method=pass_all
lt_cv_file_magic_cmd='$MAGIC_CMD'
lt_cv_file_magic_test_file=
lt_cv_ld_reload_flag=-r
lt_cv_nm_interface='BSD nm'
lt_cv_objdir=.libs
lt_cv_path_LD=/usr/bin/ld
lt_cv_path_NM='/usr/bin/nm -B'
lt_cv_prog_compiler_c_o=yes
lt_cv_prog_compiler_pic_works=yes
lt_cv_prog_compiler_rtti_exceptions=no
lt_cv_prog_compiler_static_works=yes
lt_cv_prog_gnu_ld=yes
lt_cv_sys_global_symbol_pipe='sed -n -e '\''s/^.*[	 ]\([ABCDGIRSTW][ABCDGIRSTW]*\)[	 ][	 ]*\([_A-Za-z][_A-Za-z0-9]*\)$/\1 \2 \2/p'\'''
lt_cv_sys_global_symbol_to_c_name_address='sed -n -e '\''s/^: \([^ ]*\) $/  {\"\1\", (void *) 0},/p'\'' -e '\''s/^[ABCDGIRSTW]* \([^ ]*\) \([^ ]*\)$/  {"\2", (void *) \&\2},/p'\'''
lt_cv_sys_global_symbol_to_c_name_address_lib_prefix='sed -n -e '\''s/^: \([^ ]*\) $/  {\"\1\", (void *) 0},/p'\'' -e '\''s/^[ABCDGIRSTW]* \([^ ]*\) \(lib[^ ]*\)$/  {"\2", (void *) \&\2},/p'\'' -e '\''s/^[ABCDGIRSTW]* \([^ ]*\) \([^ ]*\)$/  {"lib\2", (void *) \&\2},/p'\'''
lt_cv_sys_global_symbol_to_cdecl='sed -n -e '\''s/^T .* \(.*\)$/extern int \1();/p'\'' -e '\''s/^[ABCDGIRSTW]* .* \(.*\)$/extern char \1;/p'\'''
lt_cv_sys_max_cmd_len=1572864

## ----------------- ##
## Output variables. ##
## ----------------- ##

ACLOCAL='${SHELL} /home/edecarlo/Documents/NATS_Standalone_Ubuntu_16.04_beta1.7/dependency_library/grib_api-1.11.0/config/missing --run aclocal-1.11'
AMDEPBACKSLASH='\'
AMDEP_FALSE='#'
AMDEP_TRUE=''
AMTAR='${SHELL} /home/edecarlo/Documents/NATS_Standalone_Ubuntu_16.04_beta1.7/dependency_library/grib_api-1.11.0/config/missing --run tar'
AR='ar'
AUTOCONF='${SHELL} /home/edecarlo/Documents/NATS_Standalone_Ubuntu_16.04_beta1.7/dependency_library/grib_api-1.11.0/config/missing --run autoconf'
AUTOHEADER='${SHELL} /home/edecarlo/Documents/NATS_Standalone_Ubuntu_16.04_beta1.7/dependency_library/grib_api-1.11.0/config/missing --run autoheader'
AUTOMAKE='${SHELL} /home/edecarlo/Documents/NATS_Standalone_Ubuntu_16.04_beta1.7/dependency_library/grib_api-1.11.0/config/missing --run automake-1.11'
AWK='mawk'
CC='gcc'
CCDEPMODE='depmode=gcc3'
CFLAGS='-m64 -fPIC -I/home/edecarlo/Documents/NATS_Standalone_Ubuntu_16.04_beta1.7/dependency_library/../dist/jasper/include'
CPP='gcc -E'
CPPFLAGS=''
CREATING_SHARED_LIBS_FALSE=''
CREATING_SHARED_LIBS_TRUE=''
CYGPATH_W='echo'
DEBUG_IN_MOD_FALSE=''
DEBUG_IN_MOD_TRUE='#'
DEFS=''
DEPDIR='.deps'
DEVEL_RULES='dummy.am'
DSYMUTIL=''
DUMPBIN=''
ECHO_C=''
ECHO_N='-n'
ECHO_T=''
EGREP='/bin/grep -E'
EMOS_LIB=''
EXEEXT=''
F77=''
F90_CHECK=''
F90_MODULE_FLAG=''
FC=''
FCFLAGS=''
FFLAGS=''
FGREP='/bin/grep -F'
FORTRAN_MOD=''
GREP='/bin/grep'
GRIB_ABI_AGE='0'
GRIB_ABI_CURRENT='0'
GRIB_ABI_REVISION='0'
GRIB_API_INC=''
GRIB_API_LIB=''
GRIB_API_MAIN_VERSION='1.11.0'
GRIB_DEFINITION_PATH='${datarootdir}/grib_api/definitions'
GRIB_DEVEL='0'
GRIB_SAMPLES_PATH='${datarootdir}/grib_api/samples'
GRIB_TEMPLATES_PATH='${datarootdir}/grib_api/samples'
IFS_SAMPLES_DIR='${datarootdir}/grib_api/ifs_samples'
INSTALL_DATA='${INSTALL} -m 644'
INSTALL_PROGRAM='${INSTALL}'
INSTALL_SCRIPT='${INSTALL}'
INSTALL_STRIP_PROGRAM='$(install_sh) -c -s'
JASPER_DIR='/home/edecarlo/Documents/NATS_Standalone_Ubuntu_16.04_beta1.7/dependency_library/../dist/jasper'
JPEG_TEST=''
LD='/usr/bin/ld -m elf_x86_64'
LDFLAGS='-m64 -L/home/edecarlo/Documents/NATS_Standalone_Ubuntu_16.04_beta1.7/dependency_library/../dist/jasper/lib'
LEX=':'
LEXLIB=''
LEX_OUTPUT_ROOT=''
LIBOBJS=''
LIBS=''
LIBTOOL='$(SHELL) $(top_builddir)/libtool'
LIBTOOL_DEPS='config/ltmain.sh'
LIB_JASPER=''
LIB_OPENJPEG=''
LIB_PNG=''
LINUX_DISTRIBUTION_NAME=''
LINUX_DISTRIBUTION_VERSION=''
LIPO=''
LN_S='ln -s'
LTLIBOBJS=''
MAKEINFO='${SHELL} /home/edecarlo/Documents/NATS_Standalone_Ubuntu_16.04_beta1.7/dependency_library/grib_api-1.11.0/config/missing --run makeinfo'
MKDIR_P='/bin/mkdir -p'
NM='/usr/bin/nm -B'
NMEDIT=''
NUMPY_INCLUDE=''
OBJDUMP='objdump'
OBJEXT='o'
OPENJPEG_DIR='system'
OTOOL64=''
OTOOL=''
PACKAGE='grib_api'
PACKAGE_BUGREPORT='Software.Support@ecmwf.int'
PACKAGE_NAME='grib_api'
PACKAGE_STRING='grib_api  '
PACKAGE_TARNAME='grib_api'
PACKAGE_URL=''
PACKAGE_VERSION='1.11.0'
PATH_SEPARATOR=':'
PERL=''
PERLDIR='perl'
PERL_INSTALL_OPTIONS=''
PERL_MAKE_OPTIONS=''
PYTHON=''
PYTHON_CFLAGS=''
PYTHON_CHECK=''
PYTHON_CONFIG=''
PYTHON_DATA_HANDLER=''
PYTHON_EXEC_PREFIX=''
PYTHON_INCLUDES=''
PYTHON_LDFLAGS=''
PYTHON_LIBS=''
PYTHON_PLATFORM=''
PYTHON_PREFIX=''
PYTHON_VERSION=''
RANLIB='ranlib'
RM='rm -f'
RPM_CONFIGURE_ARGS=' '\''--prefix=/home/edecarlo/Documents/NATS_Standalone_Ubuntu_16.04_beta1.7/dependency_library/../dist/grib_api'\'' '\''--disable-fortran'\'' '\''--with-jasper=/home/edecarlo/Documents/NATS_Standalone_Ubuntu_16.04_beta1.7/dependency_library/../dist/jasper'\'' '\''CFLAGS=-m64 -fPIC'\'' '\''LDFLAGS=-m64'\'''
RPM_HOST_CPU='x86_64'
RPM_HOST_OS='linux-gnu'
RPM_HOST_VENDOR='unknown'
RPM_RELEASE='1'
SED='/bin/sed'
SET_MAKE=''
SHELL='/bin/bash'
STRIP='strip'
UPPER_CASE_MOD_FALSE=''
UPPER_CASE_MOD_TRUE='#'
VERSION='1.11.0'
WARN_PEDANTIC=''
WERROR=''
WITH_FORTRAN_FALSE=''
WITH_FORTRAN_TRUE=''
WITH_PERL_FALSE=''
WITH_PERL_TRUE=''
WITH_PYTHON_FALSE=''
WITH_PYTHON_TRUE=''
YACC='yacc'
YFLAGS=''
ac_ct_CC='gcc'
ac_ct_DUMPBIN=''
ac_ct_F77=''
ac_ct_FC=''
am__EXEEXT_FALSE=''
am__EXEEXT_TRUE=''
am__fastdepCC_FALSE='#'
am__fastdepCC_TRUE=''
am__include='include'
am__isrc=''
am__leading_dot='.'
am__quote=''
am__tar='${AMTAR} chof - "$$tardir"'
am__untar='${AMTAR} xf -'
bindir='${exec_prefix}/bin'
build='x86_64-unknown-linux-gnu'
build_alias=''
build_cpu='x86_64'
build_os='linux-gnu'
build_vendor='unknown'
datadir='${datarootdir}'
datarootdir='${prefix}/share'
docdir='${datarootdir}/doc/${PACKAGE_TARNAME}'
dvidir='${docdir}'
exec_prefix='NONE'
host='x86_64-unknown-linux-gnu'
host_alias=''
host_cpu='x86_64'
host_os='linux-gnu'
host_vendor='unknown'
htmldir='${docdir}'
includedir='${prefix}/include'
infodir='${datarootdir}/info'
install_sh='${SHELL} /home/edecarlo/Documents/NATS_Standalone_Ubuntu_16.04_beta1.7/dependency_library/grib_api-1.11.0/config/install-sh'
libdir='${exec_prefix}/lib'
libexecdir='${exec_prefix}/libexec'
localedir='${datarootdir}/locale'
localstatedir='${prefix}/var'
lt_ECHO='echo'
mandir='${datarootdir}/man'
mkdir_p='/bin/mkdir -p'
oldincludedir='/usr/include'
pdfdir='${docdir}'
pkgpyexecdir=''
pkgpythondir=''
prefix='/home/edecarlo/Documents/NATS_Standalone_Ubuntu_16.04_beta1.7/dependency_library/../dist/grib_api'
program_transform_name='s,x,x,'
psdir='${docdir}'
pyexecdir=''
pythondir=''
sbindir='${exec_prefix}/sbin'
sharedstatedir='${prefix}/com'
sysconfdir='${prefix}/etc'
target_alias=''

## ----------- ##
## confdefs.h. ##
## ----------- ##

/* confdefs.h */
#define PACKAGE_NAME "grib_api"
#define PACKAGE_TARNAME "grib_api"
#define PACKAGE_VERSION " "
#define PACKAGE_STRING "grib_api  "
#define PACKAGE_BUGREPORT "Software.Support@ecmwf.int"
#define PACKAGE_URL ""
#define STDC_HEADERS 1
#define HAVE_SYS_TYPES_H 1
#define HAVE_SYS_STAT_H 1
#define HAVE_STDLIB_H 1
#define HAVE_STRING_H 1
#define HAVE_MEMORY_H 1
#define HAVE_STRINGS_H 1
#define HAVE_INTTYPES_H 1
#define HAVE_STDINT_H 1
#define HAVE_UNISTD_H 1
#define HAVE_DLFCN_H 1
#define LT_OBJDIR ".libs/"
#define GRIB_API_MAIN_VERSION 1.11.0
#define GRIB_API_MAJOR_VERSION 1
#define GRIB_API_MINOR_VERSION 11
#define GRIB_API_REVISION_VERSION 0
#define GRIB_ABI_CURRENT 0
#define GRIB_ABI_REVISION 0
#define GRIB_ABI_AGE 0
#define GRIB_PTHREADS 0
#define GRIB_LINUX_PTHREADS 0
#define IEEE_BE 0
#define IEEE_LE 1
#define IS_BIG_ENDIAN 0
#define GRIB_INLINE inline
#define GRIB_MEM_ALIGN 0
#define POSIX_MEMALIGN 1
#define VECTOR 0
#define MANAGE_MEM 0
#define HAVE_FSEEKO 1
#define GRIB_TIMER 0
#define OMP_PACKING 0
#define HAVE_JPEG 1

configure: exit 127
